c:\workarea\essex\ce889\program\neuronetff\feedfowardnn\feedfowardnn\debug\feedfowardnn.pch
c:\workarea\essex\ce889\program\neuronetff\feedfowardnn\feedfowardnn\debug\vc140.pdb
c:\workarea\essex\ce889\program\neuronetff\feedfowardnn\feedfowardnn\debug\vc140.idb
c:\workarea\essex\ce889\program\neuronetff\feedfowardnn\feedfowardnn\debug\stdafx.obj
c:\workarea\essex\ce889\program\neuronetff\feedfowardnn\feedfowardnn\debug\feedfowardnn.obj
c:\workarea\essex\ce889\program\neuronetff\feedfowardnn\debug\feedfowardnn.ilk
c:\workarea\essex\ce889\program\neuronetff\feedfowardnn\debug\feedfowardnn.exe
c:\workarea\essex\ce889\program\neuronetff\feedfowardnn\debug\feedfowardnn.pdb
m:\ce889\program\neuronetff\feedfowardnn\feedfowardnn\debug\feedfowardnn.obj
m:\ce889\program\neuronetff\feedfowardnn\feedfowardnn\debug\stdafx.obj
m:\ce889\program\neuronetff\feedfowardnn\feedfowardnn\debug\feedfowardnn.pch
m:\ce889\program\neuronetff\feedfowardnn\feedfowardnn\debug\vc140.idb
m:\ce889\program\neuronetff\feedfowardnn\feedfowardnn\debug\vc140.pdb
m:\ce889\program\neuronetff\feedfowardnn\debug\feedfowardnn.pdb
m:\ce889\program\neuronetff\feedfowardnn\debug\feedfowardnn.exe
m:\ce889\program\neuronetff\feedfowardnn\debug\feedfowardnn.ilk
m:\ce889\program\neuronetff\feedfowardnn\feedfowardnn\debug\feedfowardnn.tlog\cl.command.1.tlog
m:\ce889\program\neuronetff\feedfowardnn\feedfowardnn\debug\feedfowardnn.tlog\cl.read.1.tlog
m:\ce889\program\neuronetff\feedfowardnn\feedfowardnn\debug\feedfowardnn.tlog\cl.write.1.tlog
m:\ce889\program\neuronetff\feedfowardnn\feedfowardnn\debug\feedfowardnn.tlog\link.command.1.tlog
m:\ce889\program\neuronetff\feedfowardnn\feedfowardnn\debug\feedfowardnn.tlog\link.read.1.tlog
m:\ce889\program\neuronetff\feedfowardnn\feedfowardnn\debug\feedfowardnn.tlog\link.write.1.tlog
